{"/home/juathan-coelho-duarte/Área de trabalho/test-blocks/src/components/Button/index.tsx": {"path":"/home/juathan-coelho-duarte/Área de trabalho/test-blocks/src/components/Button/index.tsx","statementMap":{"0":{"start":{"line":2,"column":0},"end":{"line":2,"column":33}},"1":{"start":{"line":15,"column":15},"end":{"line":65,"column":1}},"2":{"start":{"line":25,"column":5},"end":{"line":25,"column":null}},"3":{"start":{"line":26,"column":8},"end":{"line":27,"column":10}},"4":{"start":{"line":28,"column":20},"end":{"line":28,"column":22}},"5":{"start":{"line":30,"column":1},"end":{"line":38,"column":2}},"6":{"start":{"line":31,"column":2},"end":{"line":31,"column":224}},"7":{"start":{"line":32,"column":8},"end":{"line":38,"column":2}},"8":{"start":{"line":33,"column":2},"end":{"line":34,"column":267}},"9":{"start":{"line":36,"column":2},"end":{"line":37,"column":276}},"10":{"start":{"line":40,"column":18},"end":{"line":43,"column":null}},"11":{"start":{"line":46,"column":1},"end":{"line":64,"column":3}},"12":{"start":{"line":67,"column":0},"end":{"line":67,"column":22}}},"fnMap":{"0":{"name":"(anonymous_2)","decl":{"start":{"line":15,"column":15},"end":{"line":15,"column":16}},"loc":{"start":{"line":27,"column":14},"end":{"line":65,"column":1}}}},"branchMap":{"0":{"loc":{"start":{"line":17,"column":1},"end":{"line":17,"column":20}},"type":"default-arg","locations":[{"start":{"line":17,"column":11},"end":{"line":17,"column":20}}]},"1":{"loc":{"start":{"line":18,"column":1},"end":{"line":18,"column":16}},"type":"default-arg","locations":[{"start":{"line":18,"column":11},"end":{"line":18,"column":16}}]},"2":{"loc":{"start":{"line":19,"column":1},"end":{"line":19,"column":17}},"type":"default-arg","locations":[{"start":{"line":19,"column":12},"end":{"line":19,"column":17}}]},"3":{"loc":{"start":{"line":23,"column":1},"end":{"line":23,"column":15}},"type":"default-arg","locations":[{"start":{"line":23,"column":13},"end":{"line":23,"column":15}}]},"4":{"loc":{"start":{"line":30,"column":1},"end":{"line":38,"column":2}},"type":"if","locations":[{"start":{"line":30,"column":1},"end":{"line":38,"column":2}},{"start":{"line":32,"column":8},"end":{"line":38,"column":2}}]},"5":{"loc":{"start":{"line":31,"column":146},"end":{"line":31,"column":221}},"type":"cond-expr","locations":[{"start":{"line":31,"column":157},"end":{"line":31,"column":184}},{"start":{"line":31,"column":187},"end":{"line":31,"column":221}}]},"6":{"loc":{"start":{"line":32,"column":8},"end":{"line":38,"column":2}},"type":"if","locations":[{"start":{"line":32,"column":8},"end":{"line":38,"column":2}},{"start":{"line":35,"column":8},"end":{"line":38,"column":2}}]},"7":{"loc":{"start":{"line":42,"column":6},"end":{"line":42,"column":30}},"type":"cond-expr","locations":[{"start":{"line":42,"column":15},"end":{"line":42,"column":25}},{"start":{"line":42,"column":28},"end":{"line":42,"column":30}}]},"8":{"loc":{"start":{"line":43,"column":6},"end":{"line":43,"column":28}},"type":"cond-expr","locations":[{"start":{"line":43,"column":14},"end":{"line":43,"column":23}},{"start":{"line":43,"column":26},"end":{"line":43,"column":28}}]},"9":{"loc":{"start":{"line":48,"column":13},"end":{"line":48,"column":32}},"type":"binary-expr","locations":[{"start":{"line":48,"column":13},"end":{"line":48,"column":21}},{"start":{"line":48,"column":25},"end":{"line":48,"column":32}}]},"10":{"loc":{"start":{"line":53,"column":4},"end":{"line":58,"column":null}},"type":"cond-expr","locations":[{"start":{"line":54,"column":4},"end":{"line":55,"column":null}},{"start":{"line":58,"column":4},"end":{"line":58,"column":74}}]},"11":{"loc":{"start":{"line":58,"column":4},"end":{"line":58,"column":74}},"type":"binary-expr","locations":[{"start":{"line":58,"column":4},"end":{"line":58,"column":8}},{"start":{"line":58,"column":12},"end":{"line":58,"column":74}}]},"12":{"loc":{"start":{"line":61,"column":5},"end":{"line":61,"column":29}},"type":"cond-expr","locations":[{"start":{"line":61,"column":13},"end":{"line":61,"column":18}},{"start":{"line":61,"column":21},"end":{"line":61,"column":29}}]}},"s":{"0":1,"1":1,"2":10,"3":10,"4":10,"5":10,"6":1,"7":9,"8":1,"9":8,"10":10,"11":10,"12":1},"f":{"0":10},"b":{"0":[7],"1":[9],"2":[9],"3":[10],"4":[1,9],"5":[0,1],"6":[1,8],"7":[1,9],"8":[1,9],"9":[10,9],"10":[1,9],"11":[9,1],"12":[9,1]}}
,"/home/juathan-coelho-duarte/Área de trabalho/test-blocks/src/components/ImagePreview/index.tsx": {"path":"/home/juathan-coelho-duarte/Área de trabalho/test-blocks/src/components/ImagePreview/index.tsx","statementMap":{"0":{"start":{"line":18,"column":0},"end":{"line":18,"column":24}},"1":{"start":{"line":1,"column":0},"end":{"line":1,"column":56}},"2":{"start":{"line":2,"column":0},"end":{"line":2,"column":52}},"3":{"start":{"line":3,"column":0},"end":{"line":3,"column":null}},"4":{"start":{"line":24,"column":25},"end":{"line":24,"column":44}},"5":{"start":{"line":25,"column":33},"end":{"line":25,"column":52}},"6":{"start":{"line":26,"column":22},"end":{"line":26,"column":50}},"7":{"start":{"line":28,"column":1},"end":{"line":36,"column":12}},"8":{"start":{"line":29,"column":2},"end":{"line":34,"column":3}},"9":{"start":{"line":30,"column":3},"end":{"line":30,"column":43}},"10":{"start":{"line":31,"column":3},"end":{"line":33,"column":5}},"11":{"start":{"line":32,"column":4},"end":{"line":32,"column":38}},"12":{"start":{"line":35,"column":2},"end":{"line":35,"column":36}},"13":{"start":{"line":38,"column":22},"end":{"line":38,"column":64}},"14":{"start":{"line":38,"column":28},"end":{"line":38,"column":64}},"15":{"start":{"line":38,"column":43},"end":{"line":38,"column":63}},"16":{"start":{"line":39,"column":23},"end":{"line":39,"column":67}},"17":{"start":{"line":39,"column":29},"end":{"line":39,"column":67}},"18":{"start":{"line":39,"column":44},"end":{"line":39,"column":66}},"19":{"start":{"line":40,"column":22},"end":{"line":40,"column":62}},"20":{"start":{"line":40,"column":28},"end":{"line":40,"column":62}},"21":{"start":{"line":40,"column":47},"end":{"line":40,"column":61}},"22":{"start":{"line":41,"column":24},"end":{"line":46,"column":2}},"23":{"start":{"line":42,"column":15},"end":{"line":42,"column":42}},"24":{"start":{"line":43,"column":2},"end":{"line":43,"column":23}},"25":{"start":{"line":44,"column":2},"end":{"line":44,"column":60}},"26":{"start":{"line":45,"column":2},"end":{"line":45,"column":15}},"27":{"start":{"line":47,"column":21},"end":{"line":51,"column":2}},"28":{"start":{"line":48,"column":2},"end":{"line":48,"column":21}},"29":{"start":{"line":49,"column":2},"end":{"line":50,"column":23}},"30":{"start":{"line":49,"column":20},"end":{"line":49,"column":35}},"31":{"start":{"line":50,"column":7},"end":{"line":50,"column":23}},"32":{"start":{"line":52,"column":23},"end":{"line":54,"column":2}},"33":{"start":{"line":53,"column":2},"end":{"line":53,"column":36}},"34":{"start":{"line":53,"column":26},"end":{"line":53,"column":36}},"35":{"start":{"line":56,"column":1},"end":{"line":140,"column":3}},"36":{"start":{"line":75,"column":22},"end":{"line":75,"column":41}}},"fnMap":{"0":{"name":"ImagePreview","decl":{"start":{"line":18,"column":24},"end":{"line":18,"column":36}},"loc":{"start":{"line":23,"column":16},"end":{"line":141,"column":1}}},"1":{"name":"(anonymous_1)","decl":{"start":{"line":28,"column":11},"end":{"line":28,"column":14}},"loc":{"start":{"line":28,"column":16},"end":{"line":36,"column":2}}},"2":{"name":"(anonymous_2)","decl":{"start":{"line":31,"column":10},"end":{"line":31,"column":13}},"loc":{"start":{"line":31,"column":15},"end":{"line":33,"column":4}}},"3":{"name":"(anonymous_3)","decl":{"start":{"line":38,"column":22},"end":{"line":38,"column":25}},"loc":{"start":{"line":38,"column":28},"end":{"line":38,"column":64}}},"4":{"name":"(anonymous_4)","decl":{"start":{"line":38,"column":36},"end":{"line":38,"column":37}},"loc":{"start":{"line":38,"column":43},"end":{"line":38,"column":63}}},"5":{"name":"(anonymous_5)","decl":{"start":{"line":39,"column":23},"end":{"line":39,"column":26}},"loc":{"start":{"line":39,"column":29},"end":{"line":39,"column":67}}},"6":{"name":"(anonymous_6)","decl":{"start":{"line":39,"column":37},"end":{"line":39,"column":38}},"loc":{"start":{"line":39,"column":44},"end":{"line":39,"column":66}}},"7":{"name":"(anonymous_7)","decl":{"start":{"line":40,"column":22},"end":{"line":40,"column":25}},"loc":{"start":{"line":40,"column":28},"end":{"line":40,"column":62}}},"8":{"name":"(anonymous_8)","decl":{"start":{"line":40,"column":40},"end":{"line":40,"column":41}},"loc":{"start":{"line":40,"column":47},"end":{"line":40,"column":61}}},"9":{"name":"(anonymous_9)","decl":{"start":{"line":41,"column":24},"end":{"line":41,"column":27}},"loc":{"start":{"line":41,"column":29},"end":{"line":46,"column":2}}},"10":{"name":"(anonymous_10)","decl":{"start":{"line":47,"column":21},"end":{"line":47,"column":22}},"loc":{"start":{"line":47,"column":45},"end":{"line":51,"column":2}}},"11":{"name":"(anonymous_11)","decl":{"start":{"line":52,"column":23},"end":{"line":52,"column":24}},"loc":{"start":{"line":52,"column":50},"end":{"line":54,"column":2}}},"12":{"name":"(anonymous_12)","decl":{"start":{"line":75,"column":15},"end":{"line":75,"column":16}},"loc":{"start":{"line":75,"column":22},"end":{"line":75,"column":41}}}},"branchMap":{"0":{"loc":{"start":{"line":29,"column":2},"end":{"line":34,"column":3}},"type":"if","locations":[{"start":{"line":29,"column":2},"end":{"line":34,"column":3}}]},"1":{"loc":{"start":{"line":44,"column":18},"end":{"line":44,"column":59}},"type":"binary-expr","locations":[{"start":{"line":44,"column":18},"end":{"line":44,"column":43}},{"start":{"line":44,"column":47},"end":{"line":44,"column":59}}]},"2":{"loc":{"start":{"line":49,"column":2},"end":{"line":50,"column":23}},"type":"if","locations":[{"start":{"line":49,"column":2},"end":{"line":50,"column":23}},{"start":{"line":50,"column":7},"end":{"line":50,"column":23}}]},"3":{"loc":{"start":{"line":53,"column":2},"end":{"line":53,"column":36}},"type":"if","locations":[{"start":{"line":53,"column":2},"end":{"line":53,"column":36}}]},"4":{"loc":{"start":{"line":58,"column":4},"end":{"line":137,"column":null}},"type":"binary-expr","locations":[{"start":{"line":58,"column":4},"end":{"line":58,"column":8}},{"start":{"line":59,"column":4},"end":{"line":136,"column":null}}]},"5":{"loc":{"start":{"line":123,"column":13},"end":{"line":123,"column":33}},"type":"binary-expr","locations":[{"start":{"line":123,"column":13},"end":{"line":123,"column":21}},{"start":{"line":123,"column":25},"end":{"line":123,"column":33}}]}},"s":{"0":1,"1":1,"2":1,"3":1,"4":11,"5":11,"6":11,"7":11,"8":8,"9":7,"10":7,"11":7,"12":1,"13":11,"14":1,"15":1,"16":11,"17":1,"18":1,"19":11,"20":1,"21":1,"22":11,"23":1,"24":1,"25":1,"26":1,"27":11,"28":0,"29":0,"30":0,"31":0,"32":11,"33":1,"34":1,"35":11,"36":5},"f":{"0":11,"1":8,"2":7,"3":1,"4":1,"5":1,"6":1,"7":1,"8":1,"9":1,"10":0,"11":1,"12":5},"b":{"0":[7],"1":[1,0],"2":[0,0],"3":[1],"4":[11,10],"5":[10,0]}}
,"/home/juathan-coelho-duarte/Área de trabalho/test-blocks/src/components/Spinner/index.tsx": {"path":"/home/juathan-coelho-duarte/Área de trabalho/test-blocks/src/components/Spinner/index.tsx","statementMap":{"0":{"start":{"line":11,"column":16},"end":{"line":45,"column":1}},"1":{"start":{"line":18,"column":1},"end":{"line":44,"column":3}},"2":{"start":{"line":47,"column":0},"end":{"line":47,"column":23}}},"fnMap":{"0":{"name":"(anonymous_0)","decl":{"start":{"line":11,"column":16},"end":{"line":11,"column":17}},"loc":{"start":{"line":17,"column":15},"end":{"line":45,"column":1}}}},"branchMap":{"0":{"loc":{"start":{"line":12,"column":1},"end":{"line":12,"column":12}},"type":"default-arg","locations":[{"start":{"line":12,"column":10},"end":{"line":12,"column":12}}]},"1":{"loc":{"start":{"line":13,"column":1},"end":{"line":13,"column":11}},"type":"default-arg","locations":[{"start":{"line":13,"column":9},"end":{"line":13,"column":11}}]},"2":{"loc":{"start":{"line":14,"column":1},"end":{"line":14,"column":23}},"type":"default-arg","locations":[{"start":{"line":14,"column":9},"end":{"line":14,"column":23}}]},"3":{"loc":{"start":{"line":15,"column":1},"end":{"line":15,"column":15}},"type":"default-arg","locations":[{"start":{"line":15,"column":13},"end":{"line":15,"column":15}}]}},"s":{"0":1,"1":1,"2":1},"f":{"0":1},"b":{"0":[0],"1":[0],"2":[1],"3":[1]}}
,"/home/juathan-coelho-duarte/Área de trabalho/test-blocks/src/services/api.ts": {"path":"/home/juathan-coelho-duarte/Área de trabalho/test-blocks/src/services/api.ts","statementMap":{"0":{"start":{"line":1,"column":0},"end":{"line":1,"column":26}},"1":{"start":{"line":3,"column":12},"end":{"line":3,"column":42}},"2":{"start":{"line":5,"column":12},"end":{"line":7,"column":2}},"3":{"start":{"line":9,"column":0},"end":{"line":9,"column":19}}},"fnMap":{},"branchMap":{},"s":{"0":1,"1":1,"2":1,"3":1},"f":{},"b":{}}
,"/home/juathan-coelho-duarte/Área de trabalho/test-blocks/src/services/products/apiProducts.ts": {"path":"/home/juathan-coelho-duarte/Área de trabalho/test-blocks/src/services/products/apiProducts.ts","statementMap":{"0":{"start":{"line":10,"column":0},"end":{"line":10,"column":22}},"1":{"start":{"line":1,"column":0},"end":{"line":1,"column":25}},"2":{"start":{"line":11,"column":1},"end":{"line":20,"column":2}},"3":{"start":{"line":12,"column":14},"end":{"line":12,"column":25}},"4":{"start":{"line":14,"column":19},"end":{"line":14,"column":56}},"5":{"start":{"line":16,"column":2},"end":{"line":16,"column":23}},"6":{"start":{"line":18,"column":2},"end":{"line":18,"column":51}},"7":{"start":{"line":19,"column":2},"end":{"line":19,"column":14}}},"fnMap":{"0":{"name":"fetchProducts","decl":{"start":{"line":10,"column":22},"end":{"line":10,"column":35}},"loc":{"start":{"line":10,"column":58},"end":{"line":21,"column":null}}}},"branchMap":{},"s":{"0":1,"1":1,"2":7,"3":7,"4":7,"5":6,"6":1,"7":1},"f":{"0":7},"b":{}}
}
