{"/home/juathan-coelho-duarte/Área de trabalho/test-blocks/src/components/Button/index.tsx": {"path":"/home/juathan-coelho-duarte/Área de trabalho/test-blocks/src/components/Button/index.tsx","statementMap":{"0":{"start":{"line":2,"column":0},"end":{"line":2,"column":33}},"1":{"start":{"line":15,"column":15},"end":{"line":65,"column":1}},"2":{"start":{"line":25,"column":5},"end":{"line":25,"column":null}},"3":{"start":{"line":26,"column":8},"end":{"line":27,"column":10}},"4":{"start":{"line":28,"column":20},"end":{"line":28,"column":22}},"5":{"start":{"line":30,"column":1},"end":{"line":38,"column":2}},"6":{"start":{"line":31,"column":2},"end":{"line":31,"column":224}},"7":{"start":{"line":32,"column":8},"end":{"line":38,"column":2}},"8":{"start":{"line":33,"column":2},"end":{"line":34,"column":267}},"9":{"start":{"line":36,"column":2},"end":{"line":37,"column":276}},"10":{"start":{"line":40,"column":18},"end":{"line":43,"column":null}},"11":{"start":{"line":46,"column":1},"end":{"line":64,"column":3}},"12":{"start":{"line":67,"column":0},"end":{"line":67,"column":22}}},"fnMap":{"0":{"name":"(anonymous_2)","decl":{"start":{"line":15,"column":15},"end":{"line":15,"column":16}},"loc":{"start":{"line":27,"column":14},"end":{"line":65,"column":1}}}},"branchMap":{"0":{"loc":{"start":{"line":17,"column":1},"end":{"line":17,"column":20}},"type":"default-arg","locations":[{"start":{"line":17,"column":11},"end":{"line":17,"column":20}}]},"1":{"loc":{"start":{"line":18,"column":1},"end":{"line":18,"column":16}},"type":"default-arg","locations":[{"start":{"line":18,"column":11},"end":{"line":18,"column":16}}]},"2":{"loc":{"start":{"line":19,"column":1},"end":{"line":19,"column":17}},"type":"default-arg","locations":[{"start":{"line":19,"column":12},"end":{"line":19,"column":17}}]},"3":{"loc":{"start":{"line":23,"column":1},"end":{"line":23,"column":15}},"type":"default-arg","locations":[{"start":{"line":23,"column":13},"end":{"line":23,"column":15}}]},"4":{"loc":{"start":{"line":30,"column":1},"end":{"line":38,"column":2}},"type":"if","locations":[{"start":{"line":30,"column":1},"end":{"line":38,"column":2}},{"start":{"line":32,"column":8},"end":{"line":38,"column":2}}]},"5":{"loc":{"start":{"line":31,"column":146},"end":{"line":31,"column":221}},"type":"cond-expr","locations":[{"start":{"line":31,"column":157},"end":{"line":31,"column":184}},{"start":{"line":31,"column":187},"end":{"line":31,"column":221}}]},"6":{"loc":{"start":{"line":32,"column":8},"end":{"line":38,"column":2}},"type":"if","locations":[{"start":{"line":32,"column":8},"end":{"line":38,"column":2}},{"start":{"line":35,"column":8},"end":{"line":38,"column":2}}]},"7":{"loc":{"start":{"line":42,"column":6},"end":{"line":42,"column":30}},"type":"cond-expr","locations":[{"start":{"line":42,"column":15},"end":{"line":42,"column":25}},{"start":{"line":42,"column":28},"end":{"line":42,"column":30}}]},"8":{"loc":{"start":{"line":43,"column":6},"end":{"line":43,"column":28}},"type":"cond-expr","locations":[{"start":{"line":43,"column":14},"end":{"line":43,"column":23}},{"start":{"line":43,"column":26},"end":{"line":43,"column":28}}]},"9":{"loc":{"start":{"line":48,"column":13},"end":{"line":48,"column":32}},"type":"binary-expr","locations":[{"start":{"line":48,"column":13},"end":{"line":48,"column":21}},{"start":{"line":48,"column":25},"end":{"line":48,"column":32}}]},"10":{"loc":{"start":{"line":53,"column":4},"end":{"line":58,"column":null}},"type":"cond-expr","locations":[{"start":{"line":54,"column":4},"end":{"line":55,"column":null}},{"start":{"line":58,"column":4},"end":{"line":58,"column":74}}]},"11":{"loc":{"start":{"line":58,"column":4},"end":{"line":58,"column":74}},"type":"binary-expr","locations":[{"start":{"line":58,"column":4},"end":{"line":58,"column":8}},{"start":{"line":58,"column":12},"end":{"line":58,"column":74}}]},"12":{"loc":{"start":{"line":61,"column":5},"end":{"line":61,"column":29}},"type":"cond-expr","locations":[{"start":{"line":61,"column":13},"end":{"line":61,"column":18}},{"start":{"line":61,"column":21},"end":{"line":61,"column":29}}]}},"s":{"0":1,"1":1,"2":10,"3":10,"4":10,"5":10,"6":1,"7":9,"8":1,"9":8,"10":10,"11":10,"12":1},"f":{"0":10},"b":{"0":[7],"1":[9],"2":[9],"3":[10],"4":[1,9],"5":[0,1],"6":[1,8],"7":[1,9],"8":[1,9],"9":[10,9],"10":[1,9],"11":[9,1],"12":[9,1]}}
,"/home/juathan-coelho-duarte/Área de trabalho/test-blocks/src/components/FloatingButton/index.tsx": {"path":"/home/juathan-coelho-duarte/Área de trabalho/test-blocks/src/components/FloatingButton/index.tsx","statementMap":{"0":{"start":{"line":49,"column":0},"end":{"line":49,"column":24}},"1":{"start":{"line":1,"column":0},"end":{"line":1,"column":56}},"2":{"start":{"line":3,"column":0},"end":{"line":3,"column":33}},"3":{"start":{"line":4,"column":0},"end":{"line":4,"column":37}},"4":{"start":{"line":5,"column":0},"end":{"line":5,"column":50}},"5":{"start":{"line":6,"column":0},"end":{"line":6,"column":33}},"6":{"start":{"line":35,"column":18},"end":{"line":35,"column":34}},"7":{"start":{"line":36,"column":9},"end":{"line":36,"column":24}},"8":{"start":{"line":37,"column":39},"end":{"line":37,"column":51}},"9":{"start":{"line":38,"column":1},"end":{"line":40,"column":2}},"10":{"start":{"line":39,"column":2},"end":{"line":39,"column":48}},"11":{"start":{"line":41,"column":1},"end":{"line":41,"column":17}},"12":{"start":{"line":44,"column":38},"end":{"line":44,"column":40}},"13":{"start":{"line":45,"column":1},"end":{"line":45,"column":42}},"14":{"start":{"line":45,"column":31},"end":{"line":45,"column":42}},"15":{"start":{"line":46,"column":1},"end":{"line":46,"column":12}},"16":{"start":{"line":55,"column":25},"end":{"line":55,"column":49}},"17":{"start":{"line":56,"column":39},"end":{"line":56,"column":68}},"18":{"start":{"line":58,"column":12},"end":{"line":70,"column":null}},"19":{"start":{"line":66,"column":45},"end":{"line":69,"column":5}},"20":{"start":{"line":73,"column":29},"end":{"line":82,"column":2}},"21":{"start":{"line":76,"column":2},"end":{"line":77,"column":17}},"22":{"start":{"line":77,"column":3},"end":{"line":77,"column":17}},"23":{"start":{"line":78,"column":2},"end":{"line":79,"column":18}},"24":{"start":{"line":79,"column":3},"end":{"line":79,"column":18}},"25":{"start":{"line":80,"column":2},"end":{"line":80,"column":51}},"26":{"start":{"line":80,"column":35},"end":{"line":80,"column":51}},"27":{"start":{"line":81,"column":2},"end":{"line":81,"column":15}},"28":{"start":{"line":84,"column":27},"end":{"line":95,"column":2}},"29":{"start":{"line":85,"column":2},"end":{"line":94,"column":3}},"30":{"start":{"line":86,"column":3},"end":{"line":90,"column":4}},"31":{"start":{"line":87,"column":4},"end":{"line":87,"column":25}},"32":{"start":{"line":89,"column":4},"end":{"line":89,"column":31}},"33":{"start":{"line":92,"column":3},"end":{"line":92,"column":18}},"34":{"start":{"line":93,"column":3},"end":{"line":93,"column":22}},"35":{"start":{"line":97,"column":1},"end":{"line":184,"column":3}},"36":{"start":{"line":102,"column":29},"end":{"line":102,"column":71}},"37":{"start":{"line":103,"column":6},"end":{"line":162,"column":8}},"38":{"start":{"line":127,"column":24},"end":{"line":127,"column":49}},"39":{"start":{"line":150,"column":28},"end":{"line":150,"column":48}},"40":{"start":{"line":170,"column":19},"end":{"line":170,"column":37}},"41":{"start":{"line":170,"column":34},"end":{"line":170,"column":36}}},"fnMap":{"0":{"name":"entriesPolyfill","decl":{"start":{"line":34,"column":9},"end":{"line":34,"column":24}},"loc":{"start":{"line":34,"column":53},"end":{"line":42,"column":1}}},"1":{"name":"fromEntriesPolyfill","decl":{"start":{"line":43,"column":9},"end":{"line":43,"column":28}},"loc":{"start":{"line":43,"column":57},"end":{"line":47,"column":1}}},"2":{"name":"FloatingButton","decl":{"start":{"line":49,"column":24},"end":{"line":49,"column":38}},"loc":{"start":{"line":54,"column":18},"end":{"line":185,"column":1}}},"3":{"name":"(anonymous_4)","decl":{"start":{"line":66,"column":33},"end":{"line":66,"column":34}},"loc":{"start":{"line":66,"column":45},"end":{"line":69,"column":5}}},"4":{"name":"(anonymous_5)","decl":{"start":{"line":73,"column":29},"end":{"line":73,"column":null}},"loc":{"start":{"line":75,"column":42},"end":{"line":82,"column":2}}},"5":{"name":"(anonymous_6)","decl":{"start":{"line":84,"column":27},"end":{"line":84,"column":28}},"loc":{"start":{"line":84,"column":62},"end":{"line":95,"column":2}}},"6":{"name":"(anonymous_7)","decl":{"start":{"line":101,"column":17},"end":{"line":101,"column":18}},"loc":{"start":{"line":101,"column":33},"end":{"line":163,"column":6}}},"7":{"name":"(anonymous_8)","decl":{"start":{"line":127,"column":18},"end":{"line":127,"column":21}},"loc":{"start":{"line":127,"column":24},"end":{"line":127,"column":49}}},"8":{"name":"(anonymous_9)","decl":{"start":{"line":150,"column":22},"end":{"line":150,"column":25}},"loc":{"start":{"line":150,"column":28},"end":{"line":150,"column":48}}},"9":{"name":"(anonymous_10)","decl":{"start":{"line":170,"column":13},"end":{"line":170,"column":16}},"loc":{"start":{"line":170,"column":19},"end":{"line":170,"column":37}}},"10":{"name":"(anonymous_11)","decl":{"start":{"line":170,"column":27},"end":{"line":170,"column":28}},"loc":{"start":{"line":170,"column":34},"end":{"line":170,"column":36}}}},"branchMap":{"0":{"loc":{"start":{"line":51,"column":1},"end":{"line":51,"column":37}},"type":"default-arg","locations":[{"start":{"line":51,"column":12},"end":{"line":51,"column":37}}]},"1":{"loc":{"start":{"line":53,"column":1},"end":{"line":53,"column":31}},"type":"default-arg","locations":[{"start":{"line":53,"column":17},"end":{"line":53,"column":31}}]},"2":{"loc":{"start":{"line":68,"column":4},"end":{"line":68,"column":40}},"type":"cond-expr","locations":[{"start":{"line":68,"column":28},"end":{"line":68,"column":36}},{"start":{"line":68,"column":39},"end":{"line":68,"column":40}}]},"3":{"loc":{"start":{"line":76,"column":2},"end":{"line":77,"column":17}},"type":"if","locations":[{"start":{"line":76,"column":2},"end":{"line":77,"column":17}}]},"4":{"loc":{"start":{"line":76,"column":6},"end":{"line":76,"column":69}},"type":"binary-expr","locations":[{"start":{"line":76,"column":6},"end":{"line":76,"column":36}},{"start":{"line":76,"column":40},"end":{"line":76,"column":69}}]},"5":{"loc":{"start":{"line":76,"column":6},"end":{"line":76,"column":22}},"type":"cond-expr","locations":[{"start":{"line":76,"column":14},"end":{"line":76,"column":16}},{"start":{"line":76,"column":6},"end":{"line":76,"column":22}}]},"6":{"loc":{"start":{"line":76,"column":6},"end":{"line":76,"column":16}},"type":"binary-expr","locations":[{"start":{"line":76,"column":6},"end":{"line":76,"column":16}},{"start":{"line":76,"column":6},"end":{"line":76,"column":16}}]},"7":{"loc":{"start":{"line":76,"column":40},"end":{"line":76,"column":55}},"type":"cond-expr","locations":[{"start":{"line":76,"column":48},"end":{"line":76,"column":50}},{"start":{"line":76,"column":40},"end":{"line":76,"column":55}}]},"8":{"loc":{"start":{"line":76,"column":40},"end":{"line":76,"column":50}},"type":"binary-expr","locations":[{"start":{"line":76,"column":40},"end":{"line":76,"column":50}},{"start":{"line":76,"column":40},"end":{"line":76,"column":50}}]},"9":{"loc":{"start":{"line":78,"column":2},"end":{"line":79,"column":18}},"type":"if","locations":[{"start":{"line":78,"column":2},"end":{"line":79,"column":18}}]},"10":{"loc":{"start":{"line":78,"column":6},"end":{"line":78,"column":68}},"type":"binary-expr","locations":[{"start":{"line":78,"column":6},"end":{"line":78,"column":36}},{"start":{"line":78,"column":40},"end":{"line":78,"column":68}}]},"11":{"loc":{"start":{"line":78,"column":6},"end":{"line":78,"column":22}},"type":"cond-expr","locations":[{"start":{"line":78,"column":14},"end":{"line":78,"column":16}},{"start":{"line":78,"column":6},"end":{"line":78,"column":22}}]},"12":{"loc":{"start":{"line":78,"column":6},"end":{"line":78,"column":16}},"type":"binary-expr","locations":[{"start":{"line":78,"column":6},"end":{"line":78,"column":16}},{"start":{"line":78,"column":6},"end":{"line":78,"column":16}}]},"13":{"loc":{"start":{"line":78,"column":40},"end":{"line":78,"column":54}},"type":"cond-expr","locations":[{"start":{"line":78,"column":48},"end":{"line":78,"column":50}},{"start":{"line":78,"column":40},"end":{"line":78,"column":54}}]},"14":{"loc":{"start":{"line":78,"column":40},"end":{"line":78,"column":50}},"type":"binary-expr","locations":[{"start":{"line":78,"column":40},"end":{"line":78,"column":50}},{"start":{"line":78,"column":40},"end":{"line":78,"column":50}}]},"15":{"loc":{"start":{"line":80,"column":2},"end":{"line":80,"column":51}},"type":"if","locations":[{"start":{"line":80,"column":2},"end":{"line":80,"column":51}}]},"16":{"loc":{"start":{"line":80,"column":6},"end":{"line":80,"column":19}},"type":"cond-expr","locations":[{"start":{"line":80,"column":14},"end":{"line":80,"column":16}},{"start":{"line":80,"column":6},"end":{"line":80,"column":19}}]},"17":{"loc":{"start":{"line":80,"column":6},"end":{"line":80,"column":16}},"type":"binary-expr","locations":[{"start":{"line":80,"column":6},"end":{"line":80,"column":16}},{"start":{"line":80,"column":6},"end":{"line":80,"column":16}}]},"18":{"loc":{"start":{"line":85,"column":2},"end":{"line":94,"column":3}},"type":"if","locations":[{"start":{"line":85,"column":2},"end":{"line":94,"column":3}},{"start":{"line":91,"column":9},"end":{"line":94,"column":3}}]},"19":{"loc":{"start":{"line":86,"column":3},"end":{"line":90,"column":4}},"type":"if","locations":[{"start":{"line":86,"column":3},"end":{"line":90,"column":4}},{"start":{"line":88,"column":10},"end":{"line":90,"column":4}}]},"20":{"loc":{"start":{"line":93,"column":3},"end":{"line":93,"column":21}},"type":"cond-expr","locations":[{"start":{"line":93,"column":17},"end":{"line":93,"column":21}},{"start":{"line":93,"column":17},"end":{"line":93,"column":21}}]},"21":{"loc":{"start":{"line":93,"column":3},"end":{"line":93,"column":21}},"type":"binary-expr","locations":[{"start":{"line":93,"column":3},"end":{"line":93,"column":21}},{"start":{"line":93,"column":17},"end":{"line":93,"column":21}}]},"22":{"loc":{"start":{"line":100,"column":5},"end":{"line":163,"column":7}},"type":"binary-expr","locations":[{"start":{"line":100,"column":5},"end":{"line":100,"column":9}},{"start":{"line":101,"column":5},"end":{"line":163,"column":7}}]},"23":{"loc":{"start":{"line":102,"column":29},"end":{"line":102,"column":71}},"type":"binary-expr","locations":[{"start":{"line":102,"column":29},"end":{"line":102,"column":55}},{"start":{"line":102,"column":59},"end":{"line":102,"column":71}}]},"24":{"loc":{"start":{"line":122,"column":11},"end":{"line":124,"column":null}},"type":"cond-expr","locations":[{"start":{"line":123,"column":14},"end":{"line":123,"column":87}},{"start":{"line":124,"column":14},"end":{"line":124,"column":null}}]},"25":{"loc":{"start":{"line":126,"column":12},"end":{"line":126,"column":40}},"type":"binary-expr","locations":[{"start":{"line":126,"column":12},"end":{"line":126,"column":34}},{"start":{"line":126,"column":38},"end":{"line":126,"column":40}}]},"26":{"loc":{"start":{"line":135,"column":10},"end":{"line":158,"column":null}},"type":"binary-expr","locations":[{"start":{"line":135,"column":10},"end":{"line":135,"column":36}},{"start":{"line":135,"column":40},"end":{"line":135,"column":54}},{"start":{"line":136,"column":10},"end":{"line":157,"column":null}}]},"27":{"loc":{"start":{"line":168,"column":23},"end":{"line":168,"column":36}},"type":"cond-expr","locations":[{"start":{"line":168,"column":30},"end":{"line":168,"column":32}},{"start":{"line":168,"column":35},"end":{"line":168,"column":36}}]},"28":{"loc":{"start":{"line":174,"column":5},"end":{"line":180,"column":null}},"type":"binary-expr","locations":[{"start":{"line":174,"column":5},"end":{"line":174,"column":13}},{"start":{"line":175,"column":5},"end":{"line":178,"column":null}}]},"29":{"loc":{"start":{"line":178,"column":7},"end":{"line":178,"column":71}},"type":"cond-expr","locations":[{"start":{"line":178,"column":14},"end":{"line":178,"column":46}},{"start":{"line":178,"column":49},"end":{"line":178,"column":71}}]}},"s":{"0":1,"1":1,"2":1,"3":1,"4":1,"5":1,"6":15,"7":15,"8":15,"9":15,"10":30,"11":15,"12":15,"13":15,"14":30,"15":15,"16":15,"17":15,"18":15,"19":30,"20":15,"21":18,"22":18,"23":0,"24":0,"25":0,"26":0,"27":0,"28":15,"29":2,"30":1,"31":0,"32":1,"33":1,"34":1,"35":15,"36":18,"37":18,"38":2,"39":1,"40":5,"41":5},"f":{"0":15,"1":15,"2":15,"3":30,"4":18,"5":2,"6":18,"7":2,"8":1,"9":5,"10":5},"b":{"0":[14],"1":[14],"2":[30,0],"3":[18],"4":[18,18],"5":[0,18],"6":[18,18],"7":[0,18],"8":[18,18],"9":[0],"10":[0,0],"11":[0,0],"12":[0,0],"13":[0,0],"14":[0,0],"15":[0],"16":[0,0],"17":[0,0],"18":[1,1],"19":[0,1],"20":[0,1],"21":[1,1],"22":[15,6],"23":[18,17],"24":[6,12],"25":[18,18],"26":[18,1,1],"27":[6,9],"28":[15,14],"29":[6,8]}}
,"/home/juathan-coelho-duarte/Área de trabalho/test-blocks/src/components/ImagePreview/index.tsx": {"path":"/home/juathan-coelho-duarte/Área de trabalho/test-blocks/src/components/ImagePreview/index.tsx","statementMap":{"0":{"start":{"line":18,"column":0},"end":{"line":18,"column":24}},"1":{"start":{"line":1,"column":0},"end":{"line":1,"column":56}},"2":{"start":{"line":2,"column":0},"end":{"line":2,"column":52}},"3":{"start":{"line":3,"column":0},"end":{"line":3,"column":null}},"4":{"start":{"line":24,"column":25},"end":{"line":24,"column":44}},"5":{"start":{"line":25,"column":33},"end":{"line":25,"column":52}},"6":{"start":{"line":26,"column":22},"end":{"line":26,"column":50}},"7":{"start":{"line":28,"column":1},"end":{"line":36,"column":12}},"8":{"start":{"line":29,"column":2},"end":{"line":34,"column":3}},"9":{"start":{"line":30,"column":3},"end":{"line":30,"column":43}},"10":{"start":{"line":31,"column":3},"end":{"line":33,"column":5}},"11":{"start":{"line":32,"column":4},"end":{"line":32,"column":38}},"12":{"start":{"line":35,"column":2},"end":{"line":35,"column":36}},"13":{"start":{"line":38,"column":22},"end":{"line":38,"column":64}},"14":{"start":{"line":38,"column":28},"end":{"line":38,"column":64}},"15":{"start":{"line":38,"column":43},"end":{"line":38,"column":63}},"16":{"start":{"line":39,"column":23},"end":{"line":39,"column":67}},"17":{"start":{"line":39,"column":29},"end":{"line":39,"column":67}},"18":{"start":{"line":39,"column":44},"end":{"line":39,"column":66}},"19":{"start":{"line":40,"column":22},"end":{"line":40,"column":62}},"20":{"start":{"line":40,"column":28},"end":{"line":40,"column":62}},"21":{"start":{"line":40,"column":47},"end":{"line":40,"column":61}},"22":{"start":{"line":41,"column":24},"end":{"line":46,"column":2}},"23":{"start":{"line":42,"column":15},"end":{"line":42,"column":42}},"24":{"start":{"line":43,"column":2},"end":{"line":43,"column":23}},"25":{"start":{"line":44,"column":2},"end":{"line":44,"column":60}},"26":{"start":{"line":45,"column":2},"end":{"line":45,"column":15}},"27":{"start":{"line":47,"column":21},"end":{"line":51,"column":2}},"28":{"start":{"line":48,"column":2},"end":{"line":48,"column":21}},"29":{"start":{"line":49,"column":2},"end":{"line":50,"column":23}},"30":{"start":{"line":49,"column":20},"end":{"line":49,"column":35}},"31":{"start":{"line":50,"column":7},"end":{"line":50,"column":23}},"32":{"start":{"line":52,"column":23},"end":{"line":54,"column":2}},"33":{"start":{"line":53,"column":2},"end":{"line":53,"column":36}},"34":{"start":{"line":53,"column":26},"end":{"line":53,"column":36}},"35":{"start":{"line":56,"column":1},"end":{"line":140,"column":3}},"36":{"start":{"line":75,"column":22},"end":{"line":75,"column":41}}},"fnMap":{"0":{"name":"ImagePreview","decl":{"start":{"line":18,"column":24},"end":{"line":18,"column":36}},"loc":{"start":{"line":23,"column":16},"end":{"line":141,"column":1}}},"1":{"name":"(anonymous_1)","decl":{"start":{"line":28,"column":11},"end":{"line":28,"column":14}},"loc":{"start":{"line":28,"column":16},"end":{"line":36,"column":2}}},"2":{"name":"(anonymous_2)","decl":{"start":{"line":31,"column":10},"end":{"line":31,"column":13}},"loc":{"start":{"line":31,"column":15},"end":{"line":33,"column":4}}},"3":{"name":"(anonymous_3)","decl":{"start":{"line":38,"column":22},"end":{"line":38,"column":25}},"loc":{"start":{"line":38,"column":28},"end":{"line":38,"column":64}}},"4":{"name":"(anonymous_4)","decl":{"start":{"line":38,"column":36},"end":{"line":38,"column":37}},"loc":{"start":{"line":38,"column":43},"end":{"line":38,"column":63}}},"5":{"name":"(anonymous_5)","decl":{"start":{"line":39,"column":23},"end":{"line":39,"column":26}},"loc":{"start":{"line":39,"column":29},"end":{"line":39,"column":67}}},"6":{"name":"(anonymous_6)","decl":{"start":{"line":39,"column":37},"end":{"line":39,"column":38}},"loc":{"start":{"line":39,"column":44},"end":{"line":39,"column":66}}},"7":{"name":"(anonymous_7)","decl":{"start":{"line":40,"column":22},"end":{"line":40,"column":25}},"loc":{"start":{"line":40,"column":28},"end":{"line":40,"column":62}}},"8":{"name":"(anonymous_8)","decl":{"start":{"line":40,"column":40},"end":{"line":40,"column":41}},"loc":{"start":{"line":40,"column":47},"end":{"line":40,"column":61}}},"9":{"name":"(anonymous_9)","decl":{"start":{"line":41,"column":24},"end":{"line":41,"column":27}},"loc":{"start":{"line":41,"column":29},"end":{"line":46,"column":2}}},"10":{"name":"(anonymous_10)","decl":{"start":{"line":47,"column":21},"end":{"line":47,"column":22}},"loc":{"start":{"line":47,"column":45},"end":{"line":51,"column":2}}},"11":{"name":"(anonymous_11)","decl":{"start":{"line":52,"column":23},"end":{"line":52,"column":24}},"loc":{"start":{"line":52,"column":50},"end":{"line":54,"column":2}}},"12":{"name":"(anonymous_12)","decl":{"start":{"line":75,"column":15},"end":{"line":75,"column":16}},"loc":{"start":{"line":75,"column":22},"end":{"line":75,"column":41}}}},"branchMap":{"0":{"loc":{"start":{"line":29,"column":2},"end":{"line":34,"column":3}},"type":"if","locations":[{"start":{"line":29,"column":2},"end":{"line":34,"column":3}}]},"1":{"loc":{"start":{"line":44,"column":18},"end":{"line":44,"column":59}},"type":"binary-expr","locations":[{"start":{"line":44,"column":18},"end":{"line":44,"column":43}},{"start":{"line":44,"column":47},"end":{"line":44,"column":59}}]},"2":{"loc":{"start":{"line":49,"column":2},"end":{"line":50,"column":23}},"type":"if","locations":[{"start":{"line":49,"column":2},"end":{"line":50,"column":23}},{"start":{"line":50,"column":7},"end":{"line":50,"column":23}}]},"3":{"loc":{"start":{"line":53,"column":2},"end":{"line":53,"column":36}},"type":"if","locations":[{"start":{"line":53,"column":2},"end":{"line":53,"column":36}}]},"4":{"loc":{"start":{"line":58,"column":4},"end":{"line":137,"column":null}},"type":"binary-expr","locations":[{"start":{"line":58,"column":4},"end":{"line":58,"column":8}},{"start":{"line":59,"column":4},"end":{"line":136,"column":null}}]},"5":{"loc":{"start":{"line":123,"column":13},"end":{"line":123,"column":33}},"type":"binary-expr","locations":[{"start":{"line":123,"column":13},"end":{"line":123,"column":21}},{"start":{"line":123,"column":25},"end":{"line":123,"column":33}}]}},"s":{"0":1,"1":1,"2":1,"3":1,"4":11,"5":11,"6":11,"7":11,"8":8,"9":7,"10":7,"11":7,"12":1,"13":11,"14":1,"15":1,"16":11,"17":1,"18":1,"19":11,"20":1,"21":1,"22":11,"23":1,"24":1,"25":1,"26":1,"27":11,"28":0,"29":0,"30":0,"31":0,"32":11,"33":1,"34":1,"35":11,"36":5},"f":{"0":11,"1":8,"2":7,"3":1,"4":1,"5":1,"6":1,"7":1,"8":1,"9":1,"10":0,"11":1,"12":5},"b":{"0":[7],"1":[1,0],"2":[0,0],"3":[1],"4":[11,10],"5":[10,0]}}
,"/home/juathan-coelho-duarte/Área de trabalho/test-blocks/src/components/InfiniteScroll/index.tsx": {"path":"/home/juathan-coelho-duarte/Área de trabalho/test-blocks/src/components/InfiniteScroll/index.tsx","statementMap":{"0":{"start":{"line":16,"column":0},"end":{"line":16,"column":24}},"1":{"start":{"line":1,"column":0},"end":{"line":1,"column":52}},"2":{"start":{"line":2,"column":0},"end":{"line":2,"column":41}},"3":{"start":{"line":3,"column":0},"end":{"line":3,"column":57}},"4":{"start":{"line":4,"column":0},"end":{"line":4,"column":68}},"5":{"start":{"line":5,"column":0},"end":{"line":5,"column":60}},"6":{"start":{"line":6,"column":0},"end":{"line":6,"column":33}},"7":{"start":{"line":23,"column":19},"end":{"line":23,"column":47}},"8":{"start":{"line":24,"column":35},"end":{"line":24,"column":54}},"9":{"start":{"line":25,"column":20},"end":{"line":25,"column":31}},"10":{"start":{"line":26,"column":15},"end":{"line":26,"column":37}},"11":{"start":{"line":28,"column":1},"end":{"line":56,"column":49}},"12":{"start":{"line":29,"column":27},"end":{"line":29,"column":44}},"13":{"start":{"line":31,"column":19},"end":{"line":44,"column":null}},"14":{"start":{"line":33,"column":20},"end":{"line":33,"column":27}},"15":{"start":{"line":35,"column":4},"end":{"line":38,"column":5}},"16":{"start":{"line":36,"column":5},"end":{"line":36,"column":18}},"17":{"start":{"line":37,"column":5},"end":{"line":37,"column":38}},"18":{"start":{"line":37,"column":28},"end":{"line":37,"column":36}},"19":{"start":{"line":47,"column":2},"end":{"line":49,"column":3}},"20":{"start":{"line":48,"column":3},"end":{"line":48,"column":38}},"21":{"start":{"line":51,"column":2},"end":{"line":55,"column":4}},"22":{"start":{"line":52,"column":3},"end":{"line":54,"column":4}},"23":{"start":{"line":53,"column":4},"end":{"line":53,"column":41}},"24":{"start":{"line":58,"column":1},"end":{"line":82,"column":3}}},"fnMap":{"0":{"name":"InfiniteScroll","decl":{"start":{"line":16,"column":24},"end":{"line":16,"column":38}},"loc":{"start":{"line":22,"column":18},"end":{"line":83,"column":1}}},"1":{"name":"(anonymous_2)","decl":{"start":{"line":28,"column":11},"end":{"line":28,"column":14}},"loc":{"start":{"line":28,"column":16},"end":{"line":56,"column":2}}},"2":{"name":"(anonymous_3)","decl":{"start":{"line":32,"column":3},"end":{"line":32,"column":4}},"loc":{"start":{"line":32,"column":15},"end":{"line":39,"column":4}}},"3":{"name":"(anonymous_4)","decl":{"start":{"line":37,"column":18},"end":{"line":37,"column":19}},"loc":{"start":{"line":37,"column":28},"end":{"line":37,"column":36}}},"4":{"name":"(anonymous_5)","decl":{"start":{"line":51,"column":9},"end":{"line":51,"column":12}},"loc":{"start":{"line":51,"column":14},"end":{"line":55,"column":3}}}},"branchMap":{"0":{"loc":{"start":{"line":21,"column":1},"end":{"line":21,"column":16}},"type":"default-arg","locations":[{"start":{"line":21,"column":13},"end":{"line":21,"column":16}}]},"1":{"loc":{"start":{"line":35,"column":4},"end":{"line":38,"column":5}},"type":"if","locations":[{"start":{"line":35,"column":4},"end":{"line":38,"column":5}}]},"2":{"loc":{"start":{"line":35,"column":8},"end":{"line":35,"column":53}},"type":"binary-expr","locations":[{"start":{"line":35,"column":8},"end":{"line":35,"column":28}},{"start":{"line":35,"column":32},"end":{"line":35,"column":39}},{"start":{"line":35,"column":43},"end":{"line":35,"column":53}}]},"3":{"loc":{"start":{"line":47,"column":2},"end":{"line":49,"column":3}},"type":"if","locations":[{"start":{"line":47,"column":2},"end":{"line":49,"column":3}}]},"4":{"loc":{"start":{"line":52,"column":3},"end":{"line":54,"column":4}},"type":"if","locations":[{"start":{"line":52,"column":3},"end":{"line":54,"column":4}}]},"5":{"loc":{"start":{"line":63,"column":4},"end":{"line":71,"column":null}},"type":"cond-expr","locations":[{"start":{"line":64,"column":6},"end":{"line":64,"column":22}},{"start":{"line":65,"column":6},"end":{"line":71,"column":null}}]},"6":{"loc":{"start":{"line":63,"column":4},"end":{"line":63,"column":33}},"type":"binary-expr","locations":[{"start":{"line":63,"column":4},"end":{"line":63,"column":13}},{"start":{"line":63,"column":17},"end":{"line":63,"column":33}}]},"7":{"loc":{"start":{"line":65,"column":6},"end":{"line":71,"column":null}},"type":"binary-expr","locations":[{"start":{"line":65,"column":6},"end":{"line":65,"column":15}},{"start":{"line":66,"column":6},"end":{"line":70,"column":null}}]},"8":{"loc":{"start":{"line":73,"column":4},"end":{"line":79,"column":null}},"type":"binary-expr","locations":[{"start":{"line":73,"column":4},"end":{"line":73,"column":14}},{"start":{"line":73,"column":18},"end":{"line":73,"column":26}},{"start":{"line":74,"column":4},"end":{"line":78,"column":null}}]}},"s":{"0":1,"1":1,"2":1,"3":1,"4":1,"5":1,"6":1,"7":4,"8":4,"9":4,"10":4,"11":4,"12":4,"13":4,"14":1,"15":1,"16":1,"17":1,"18":1,"19":4,"20":4,"21":4,"22":4,"23":4,"24":4},"f":{"0":4,"1":4,"2":1,"3":1,"4":4},"b":{"0":[4],"1":[1],"2":[1,1,1],"3":[4],"4":[4],"5":[1,3],"6":[4,2],"7":[3,1],"8":[4,2,1]}}
,"/home/juathan-coelho-duarte/Área de trabalho/test-blocks/src/components/Loading/index.tsx": {"path":"/home/juathan-coelho-duarte/Área de trabalho/test-blocks/src/components/Loading/index.tsx","statementMap":{"0":{"start":{"line":1,"column":0},"end":{"line":1,"column":39}},"1":{"start":{"line":2,"column":0},"end":{"line":2,"column":33}},"2":{"start":{"line":9,"column":16},"end":{"line":24,"column":1}},"3":{"start":{"line":10,"column":21},"end":{"line":10,"column":71}},"4":{"start":{"line":12,"column":1},"end":{"line":23,"column":3}},"5":{"start":{"line":26,"column":0},"end":{"line":26,"column":23}}},"fnMap":{"0":{"name":"(anonymous_1)","decl":{"start":{"line":9,"column":16},"end":{"line":9,"column":17}},"loc":{"start":{"line":9,"column":59},"end":{"line":24,"column":1}}}},"branchMap":{"0":{"loc":{"start":{"line":9,"column":28},"end":{"line":9,"column":43}},"type":"default-arg","locations":[{"start":{"line":9,"column":35},"end":{"line":9,"column":43}}]},"1":{"loc":{"start":{"line":10,"column":21},"end":{"line":10,"column":71}},"type":"cond-expr","locations":[{"start":{"line":10,"column":40},"end":{"line":10,"column":42}},{"start":{"line":10,"column":45},"end":{"line":10,"column":71}}]},"2":{"loc":{"start":{"line":10,"column":45},"end":{"line":10,"column":71}},"type":"cond-expr","locations":[{"start":{"line":10,"column":64},"end":{"line":10,"column":66}},{"start":{"line":10,"column":69},"end":{"line":10,"column":71}}]},"3":{"loc":{"start":{"line":17,"column":4},"end":{"line":17,"column":null}},"type":"cond-expr","locations":[{"start":{"line":17,"column":23},"end":{"line":17,"column":32}},{"start":{"line":17,"column":35},"end":{"line":17,"column":null}}]},"4":{"loc":{"start":{"line":17,"column":35},"end":{"line":17,"column":null}},"type":"cond-expr","locations":[{"start":{"line":17,"column":54},"end":{"line":17,"column":63}},{"start":{"line":17,"column":66},"end":{"line":17,"column":null}}]},"5":{"loc":{"start":{"line":21,"column":4},"end":{"line":21,"column":61}},"type":"binary-expr","locations":[{"start":{"line":21,"column":4},"end":{"line":21,"column":11}},{"start":{"line":21,"column":15},"end":{"line":21,"column":61}}]}},"s":{"0":2,"1":2,"2":2,"3":5,"4":5,"5":2},"f":{"0":5},"b":{"0":[3],"1":[1,4],"2":[1,3],"3":[1,4],"4":[1,3],"5":[5,4]}}
,"/home/juathan-coelho-duarte/Área de trabalho/test-blocks/src/components/Modal/index.tsx": {"path":"/home/juathan-coelho-duarte/Área de trabalho/test-blocks/src/components/Modal/index.tsx","statementMap":{"0":{"start":{"line":10,"column":0},"end":{"line":10,"column":24}},"1":{"start":{"line":1,"column":0},"end":{"line":1,"column":56}},"2":{"start":{"line":11,"column":1},"end":{"line":43,"column":3}},"3":{"start":{"line":28,"column":22},"end":{"line":28,"column":41}}},"fnMap":{"0":{"name":"Modal","decl":{"start":{"line":10,"column":24},"end":{"line":10,"column":29}},"loc":{"start":{"line":10,"column":65},"end":{"line":44,"column":1}}},"1":{"name":"(anonymous_1)","decl":{"start":{"line":28,"column":15},"end":{"line":28,"column":16}},"loc":{"start":{"line":28,"column":22},"end":{"line":28,"column":41}}}},"branchMap":{"0":{"loc":{"start":{"line":13,"column":4},"end":{"line":40,"column":null}},"type":"binary-expr","locations":[{"start":{"line":13,"column":4},"end":{"line":13,"column":8}},{"start":{"line":14,"column":4},"end":{"line":39,"column":null}}]}},"s":{"0":1,"1":1,"2":4,"3":2},"f":{"0":4,"1":2},"b":{"0":[4,3]}}
,"/home/juathan-coelho-duarte/Área de trabalho/test-blocks/src/components/Spinner/index.tsx": {"path":"/home/juathan-coelho-duarte/Área de trabalho/test-blocks/src/components/Spinner/index.tsx","statementMap":{"0":{"start":{"line":11,"column":16},"end":{"line":45,"column":1}},"1":{"start":{"line":18,"column":1},"end":{"line":44,"column":3}},"2":{"start":{"line":47,"column":0},"end":{"line":47,"column":23}}},"fnMap":{"0":{"name":"(anonymous_0)","decl":{"start":{"line":11,"column":16},"end":{"line":11,"column":17}},"loc":{"start":{"line":17,"column":15},"end":{"line":45,"column":1}}}},"branchMap":{"0":{"loc":{"start":{"line":12,"column":1},"end":{"line":12,"column":12}},"type":"default-arg","locations":[{"start":{"line":12,"column":10},"end":{"line":12,"column":12}}]},"1":{"loc":{"start":{"line":13,"column":1},"end":{"line":13,"column":11}},"type":"default-arg","locations":[{"start":{"line":13,"column":9},"end":{"line":13,"column":11}}]},"2":{"loc":{"start":{"line":14,"column":1},"end":{"line":14,"column":23}},"type":"default-arg","locations":[{"start":{"line":14,"column":9},"end":{"line":14,"column":23}}]},"3":{"loc":{"start":{"line":15,"column":1},"end":{"line":15,"column":15}},"type":"default-arg","locations":[{"start":{"line":15,"column":13},"end":{"line":15,"column":15}}]}},"s":{"0":3,"1":5,"2":3},"f":{"0":5},"b":{"0":[2],"1":[2],"2":[3],"3":[4]}}
,"/home/juathan-coelho-duarte/Área de trabalho/test-blocks/src/components/Toast/index.tsx": {"path":"/home/juathan-coelho-duarte/Área de trabalho/test-blocks/src/components/Toast/index.tsx","statementMap":{"0":{"start":{"line":53,"column":0},"end":{"line":53,"column":16}},"1":{"start":{"line":1,"column":0},"end":{"line":1,"column":56}},"2":{"start":{"line":2,"column":0},"end":{"line":2,"column":38}},"3":{"start":{"line":3,"column":0},"end":{"line":3,"column":null}},"4":{"start":{"line":28,"column":13},"end":{"line":28,"column":80}},"5":{"start":{"line":30,"column":16},"end":{"line":35,"column":2}},"6":{"start":{"line":38,"column":1},"end":{"line":38,"column":121}},"7":{"start":{"line":39,"column":18},"end":{"line":44,"column":2}},"8":{"start":{"line":46,"column":57},"end":{"line":51,"column":2}},"9":{"start":{"line":62,"column":1},"end":{"line":91,"column":3}},"10":{"start":{"line":69,"column":5},"end":{"line":70,"column":null}},"11":{"start":{"line":81,"column":22},"end":{"line":81,"column":43}}},"fnMap":{"0":{"name":"ToastList","decl":{"start":{"line":53,"column":16},"end":{"line":53,"column":25}},"loc":{"start":{"line":61,"column":1},"end":{"line":92,"column":1}}},"1":{"name":"(anonymous_1)","decl":{"start":{"line":68,"column":16},"end":{"line":68,"column":17}},"loc":{"start":{"line":69,"column":5},"end":{"line":70,"column":null}}},"2":{"name":"(anonymous_2)","decl":{"start":{"line":81,"column":16},"end":{"line":81,"column":19}},"loc":{"start":{"line":81,"column":22},"end":{"line":81,"column":43}}}},"branchMap":{"0":{"loc":{"start":{"line":55,"column":1},"end":{"line":55,"column":23}},"type":"default-arg","locations":[{"start":{"line":55,"column":12},"end":{"line":55,"column":23}}]}},"s":{"0":1,"1":1,"2":1,"3":1,"4":1,"5":1,"6":1,"7":1,"8":1,"9":6,"10":6,"11":1},"f":{"0":6,"1":6,"2":1},"b":{"0":[5]}}
,"/home/juathan-coelho-duarte/Área de trabalho/test-blocks/src/components/Tooltip/index.tsx": {"path":"/home/juathan-coelho-duarte/Área de trabalho/test-blocks/src/components/Tooltip/index.tsx","statementMap":{"0":{"start":{"line":13,"column":0},"end":{"line":13,"column":24}},"1":{"start":{"line":1,"column":0},"end":{"line":1,"column":56}},"2":{"start":{"line":2,"column":0},"end":{"line":2,"column":49}},"3":{"start":{"line":19,"column":41},"end":{"line":19,"column":65}},"4":{"start":{"line":20,"column":20},"end":{"line":20,"column":70}},"5":{"start":{"line":23,"column":2},"end":{"line":23,"column":114}},"6":{"start":{"line":24,"column":21},"end":{"line":24,"column":23}},"7":{"start":{"line":26,"column":1},"end":{"line":39,"column":2}},"8":{"start":{"line":28,"column":3},"end":{"line":28,"column":64}},"9":{"start":{"line":29,"column":3},"end":{"line":29,"column":9}},"10":{"start":{"line":31,"column":3},"end":{"line":31,"column":61}},"11":{"start":{"line":32,"column":3},"end":{"line":32,"column":9}},"12":{"start":{"line":34,"column":3},"end":{"line":34,"column":62}},"13":{"start":{"line":35,"column":3},"end":{"line":35,"column":9}},"14":{"start":{"line":37,"column":3},"end":{"line":37,"column":61}},"15":{"start":{"line":38,"column":3},"end":{"line":38,"column":9}},"16":{"start":{"line":41,"column":18},"end":{"line":51,"column":3}},"17":{"start":{"line":53,"column":1},"end":{"line":77,"column":3}},"18":{"start":{"line":56,"column":23},"end":{"line":56,"column":44}},"19":{"start":{"line":57,"column":23},"end":{"line":57,"column":45}},"20":{"start":{"line":58,"column":18},"end":{"line":58,"column":39}},"21":{"start":{"line":59,"column":17},"end":{"line":59,"column":39}}},"fnMap":{"0":{"name":"Tooltip","decl":{"start":{"line":13,"column":24},"end":{"line":13,"column":31}},"loc":{"start":{"line":18,"column":11},"end":{"line":78,"column":1}}},"1":{"name":"(anonymous_1)","decl":{"start":{"line":56,"column":17},"end":{"line":56,"column":20}},"loc":{"start":{"line":56,"column":23},"end":{"line":56,"column":44}}},"2":{"name":"(anonymous_2)","decl":{"start":{"line":57,"column":17},"end":{"line":57,"column":20}},"loc":{"start":{"line":57,"column":23},"end":{"line":57,"column":45}}},"3":{"name":"(anonymous_3)","decl":{"start":{"line":58,"column":12},"end":{"line":58,"column":15}},"loc":{"start":{"line":58,"column":18},"end":{"line":58,"column":39}}},"4":{"name":"(anonymous_4)","decl":{"start":{"line":59,"column":11},"end":{"line":59,"column":14}},"loc":{"start":{"line":59,"column":17},"end":{"line":59,"column":39}}}},"branchMap":{"0":{"loc":{"start":{"line":16,"column":1},"end":{"line":16,"column":18}},"type":"default-arg","locations":[{"start":{"line":16,"column":13},"end":{"line":16,"column":18}}]},"1":{"loc":{"start":{"line":20,"column":20},"end":{"line":20,"column":70}},"type":"cond-expr","locations":[{"start":{"line":20,"column":50},"end":{"line":20,"column":55}},{"start":{"line":20,"column":58},"end":{"line":20,"column":70}}]},"2":{"loc":{"start":{"line":26,"column":1},"end":{"line":39,"column":2}},"type":"switch","locations":[{"start":{"line":27,"column":2},"end":{"line":29,"column":9}},{"start":{"line":30,"column":2},"end":{"line":32,"column":9}},{"start":{"line":33,"column":2},"end":{"line":35,"column":9}},{"start":{"line":36,"column":2},"end":{"line":38,"column":9}}]},"3":{"loc":{"start":{"line":44,"column":6},"end":{"line":44,"column":63}},"type":"cond-expr","locations":[{"start":{"line":44,"column":28},"end":{"line":44,"column":29}},{"start":{"line":44,"column":32},"end":{"line":44,"column":63}}]},"4":{"loc":{"start":{"line":44,"column":32},"end":{"line":44,"column":63}},"type":"cond-expr","locations":[{"start":{"line":44,"column":57},"end":{"line":44,"column":59}},{"start":{"line":44,"column":62},"end":{"line":44,"column":63}}]},"5":{"loc":{"start":{"line":49,"column":6},"end":{"line":49,"column":63}},"type":"cond-expr","locations":[{"start":{"line":49,"column":28},"end":{"line":49,"column":29}},{"start":{"line":49,"column":32},"end":{"line":49,"column":63}}]},"6":{"loc":{"start":{"line":49,"column":32},"end":{"line":49,"column":63}},"type":"cond-expr","locations":[{"start":{"line":49,"column":57},"end":{"line":49,"column":59}},{"start":{"line":49,"column":62},"end":{"line":49,"column":63}}]},"7":{"loc":{"start":{"line":63,"column":5},"end":{"line":73,"column":null}},"type":"binary-expr","locations":[{"start":{"line":63,"column":5},"end":{"line":63,"column":15}},{"start":{"line":64,"column":5},"end":{"line":72,"column":null}}]}},"s":{"0":2,"1":2,"2":2,"3":35,"4":35,"5":35,"6":35,"7":35,"8":7,"9":7,"10":2,"11":2,"12":26,"13":26,"14":0,"15":0,"16":35,"17":35,"18":7,"19":2,"20":3,"21":1},"f":{"0":35,"1":7,"2":2,"3":3,"4":1},"b":{"0":[7],"1":[7,28],"2":[7,2,26,0],"3":[7,28],"4":[2,26],"5":[7,28],"6":[2,26],"7":[35,9]}}
,"/home/juathan-coelho-duarte/Área de trabalho/test-blocks/src/services/api.ts": {"path":"/home/juathan-coelho-duarte/Área de trabalho/test-blocks/src/services/api.ts","statementMap":{"0":{"start":{"line":1,"column":0},"end":{"line":1,"column":26}},"1":{"start":{"line":3,"column":12},"end":{"line":3,"column":42}},"2":{"start":{"line":5,"column":12},"end":{"line":7,"column":2}},"3":{"start":{"line":9,"column":0},"end":{"line":9,"column":19}}},"fnMap":{},"branchMap":{},"s":{"0":1,"1":1,"2":1,"3":1},"f":{},"b":{}}
,"/home/juathan-coelho-duarte/Área de trabalho/test-blocks/src/services/products/apiProducts.ts": {"path":"/home/juathan-coelho-duarte/Área de trabalho/test-blocks/src/services/products/apiProducts.ts","statementMap":{"0":{"start":{"line":10,"column":0},"end":{"line":10,"column":22}},"1":{"start":{"line":1,"column":0},"end":{"line":1,"column":25}},"2":{"start":{"line":11,"column":1},"end":{"line":20,"column":2}},"3":{"start":{"line":12,"column":14},"end":{"line":12,"column":25}},"4":{"start":{"line":14,"column":19},"end":{"line":14,"column":56}},"5":{"start":{"line":16,"column":2},"end":{"line":16,"column":23}},"6":{"start":{"line":18,"column":2},"end":{"line":18,"column":51}},"7":{"start":{"line":19,"column":2},"end":{"line":19,"column":14}}},"fnMap":{"0":{"name":"fetchProducts","decl":{"start":{"line":10,"column":22},"end":{"line":10,"column":35}},"loc":{"start":{"line":10,"column":58},"end":{"line":21,"column":null}}}},"branchMap":{},"s":{"0":1,"1":1,"2":7,"3":7,"4":7,"5":6,"6":1,"7":1},"f":{"0":7},"b":{}}
}
