TN:
SF:src/components/Button/index.tsx
FN:15,(anonymous_2)
FNF:1
FNH:1
FNDA:10,(anonymous_2)
DA:2,1
DA:15,1
DA:25,10
DA:26,10
DA:28,10
DA:30,10
DA:31,1
DA:32,9
DA:33,1
DA:36,8
DA:40,10
DA:46,10
DA:67,1
LF:13
LH:13
BRDA:17,0,0,7
BRDA:18,1,0,9
BRDA:19,2,0,9
BRDA:23,3,0,10
BRDA:30,4,0,1
BRDA:30,4,1,9
BRDA:31,5,0,0
BRDA:31,5,1,1
BRDA:32,6,0,1
BRDA:32,6,1,8
BRDA:42,7,0,1
BRDA:42,7,1,9
BRDA:43,8,0,1
BRDA:43,8,1,9
BRDA:48,9,0,10
BRDA:48,9,1,9
BRDA:53,10,0,1
BRDA:53,10,1,9
BRDA:58,11,0,9
BRDA:58,11,1,1
BRDA:61,12,0,9
BRDA:61,12,1,1
BRF:22
BRH:21
end_of_record
TN:
SF:src/components/ImagePreview/index.tsx
FN:18,ImagePreview
FN:28,(anonymous_1)
FN:31,(anonymous_2)
FN:38,(anonymous_3)
FN:38,(anonymous_4)
FN:39,(anonymous_5)
FN:39,(anonymous_6)
FN:40,(anonymous_7)
FN:40,(anonymous_8)
FN:41,(anonymous_9)
FN:47,(anonymous_10)
FN:52,(anonymous_11)
FN:75,(anonymous_12)
FNF:13
FNH:12
FNDA:11,ImagePreview
FNDA:8,(anonymous_1)
FNDA:7,(anonymous_2)
FNDA:1,(anonymous_3)
FNDA:1,(anonymous_4)
FNDA:1,(anonymous_5)
FNDA:1,(anonymous_6)
FNDA:1,(anonymous_7)
FNDA:1,(anonymous_8)
FNDA:1,(anonymous_9)
FNDA:0,(anonymous_10)
FNDA:1,(anonymous_11)
FNDA:5,(anonymous_12)
DA:1,1
DA:2,1
DA:3,1
DA:18,1
DA:24,11
DA:25,11
DA:26,11
DA:28,11
DA:29,8
DA:30,7
DA:31,7
DA:32,7
DA:35,1
DA:38,11
DA:39,11
DA:40,11
DA:41,11
DA:42,1
DA:43,1
DA:44,1
DA:45,1
DA:47,11
DA:48,0
DA:49,0
DA:50,0
DA:52,11
DA:53,1
DA:56,11
DA:75,5
LF:29
LH:26
BRDA:29,0,0,7
BRDA:44,1,0,1
BRDA:44,1,1,0
BRDA:49,2,0,0
BRDA:49,2,1,0
BRDA:53,3,0,1
BRDA:58,4,0,11
BRDA:58,4,1,10
BRDA:123,5,0,10
BRDA:123,5,1,0
BRF:10
BRH:6
end_of_record
TN:
SF:src/components/Spinner/index.tsx
FN:11,(anonymous_0)
FNF:1
FNH:1
FNDA:1,(anonymous_0)
DA:11,1
DA:18,1
DA:47,1
LF:3
LH:3
BRDA:12,0,0,0
BRDA:13,1,0,0
BRDA:14,2,0,1
BRDA:15,3,0,1
BRF:4
BRH:2
end_of_record
TN:
SF:src/services/api.ts
FNF:0
FNH:0
DA:1,1
DA:3,1
DA:5,1
DA:9,1
LF:4
LH:4
BRF:0
BRH:0
end_of_record
TN:
SF:src/services/products/apiProducts.ts
FN:10,fetchProducts
FNF:1
FNH:1
FNDA:7,fetchProducts
DA:1,1
DA:10,1
DA:11,7
DA:12,7
DA:14,7
DA:16,6
DA:18,1
DA:19,1
LF:8
LH:8
BRF:0
BRH:0
end_of_record
