TN:
SF:src/components/Button/index.tsx
FN:15,(anonymous_2)
FNF:1
FNH:1
FNDA:10,(anonymous_2)
DA:2,1
DA:15,1
DA:25,10
DA:26,10
DA:28,10
DA:30,10
DA:31,1
DA:32,9
DA:33,1
DA:36,8
DA:40,10
DA:46,10
DA:67,1
LF:13
LH:13
BRDA:17,0,0,7
BRDA:18,1,0,9
BRDA:19,2,0,9
BRDA:23,3,0,10
BRDA:30,4,0,1
BRDA:30,4,1,9
BRDA:31,5,0,0
BRDA:31,5,1,1
BRDA:32,6,0,1
BRDA:32,6,1,8
BRDA:42,7,0,1
BRDA:42,7,1,9
BRDA:43,8,0,1
BRDA:43,8,1,9
BRDA:48,9,0,10
BRDA:48,9,1,9
BRDA:53,10,0,1
BRDA:53,10,1,9
BRDA:58,11,0,9
BRDA:58,11,1,1
BRDA:61,12,0,9
BRDA:61,12,1,1
BRF:22
BRH:21
end_of_record
TN:
SF:src/components/FloatingButton/index.tsx
FN:34,entriesPolyfill
FN:43,fromEntriesPolyfill
FN:49,FloatingButton
FN:66,(anonymous_4)
FN:73,(anonymous_5)
FN:84,(anonymous_6)
FN:101,(anonymous_7)
FN:127,(anonymous_8)
FN:150,(anonymous_9)
FN:170,(anonymous_10)
FN:170,(anonymous_11)
FNF:11
FNH:11
FNDA:15,entriesPolyfill
FNDA:15,fromEntriesPolyfill
FNDA:15,FloatingButton
FNDA:30,(anonymous_4)
FNDA:18,(anonymous_5)
FNDA:2,(anonymous_6)
FNDA:18,(anonymous_7)
FNDA:2,(anonymous_8)
FNDA:1,(anonymous_9)
FNDA:5,(anonymous_10)
FNDA:5,(anonymous_11)
DA:1,1
DA:3,1
DA:4,1
DA:5,1
DA:6,1
DA:35,15
DA:36,15
DA:37,15
DA:38,15
DA:39,30
DA:41,15
DA:44,15
DA:45,30
DA:46,15
DA:49,1
DA:55,15
DA:56,15
DA:58,15
DA:66,30
DA:73,15
DA:76,18
DA:77,18
DA:78,0
DA:79,0
DA:80,0
DA:81,0
DA:84,15
DA:85,2
DA:86,1
DA:87,0
DA:89,1
DA:92,1
DA:93,1
DA:97,15
DA:102,18
DA:103,18
DA:127,2
DA:150,1
DA:170,5
LF:39
LH:34
BRDA:51,0,0,14
BRDA:53,1,0,14
BRDA:68,2,0,30
BRDA:68,2,1,0
BRDA:76,3,0,18
BRDA:76,4,0,18
BRDA:76,4,1,18
BRDA:76,5,0,0
BRDA:76,5,1,18
BRDA:76,6,0,18
BRDA:76,6,1,18
BRDA:76,7,0,0
BRDA:76,7,1,18
BRDA:76,8,0,18
BRDA:76,8,1,18
BRDA:78,9,0,0
BRDA:78,10,0,0
BRDA:78,10,1,0
BRDA:78,11,0,0
BRDA:78,11,1,0
BRDA:78,12,0,0
BRDA:78,12,1,0
BRDA:78,13,0,0
BRDA:78,13,1,0
BRDA:78,14,0,0
BRDA:78,14,1,0
BRDA:80,15,0,0
BRDA:80,16,0,0
BRDA:80,16,1,0
BRDA:80,17,0,0
BRDA:80,17,1,0
BRDA:85,18,0,1
BRDA:85,18,1,1
BRDA:86,19,0,0
BRDA:86,19,1,1
BRDA:93,20,0,0
BRDA:93,20,1,1
BRDA:93,21,0,1
BRDA:93,21,1,1
BRDA:100,22,0,15
BRDA:100,22,1,6
BRDA:102,23,0,18
BRDA:102,23,1,17
BRDA:122,24,0,6
BRDA:122,24,1,12
BRDA:126,25,0,18
BRDA:126,25,1,18
BRDA:135,26,0,18
BRDA:135,26,1,1
BRDA:135,26,2,1
BRDA:168,27,0,6
BRDA:168,27,1,9
BRDA:174,28,0,15
BRDA:174,28,1,14
BRDA:178,29,0,6
BRDA:178,29,1,8
BRF:56
BRH:35
end_of_record
TN:
SF:src/components/ImagePreview/index.tsx
FN:18,ImagePreview
FN:28,(anonymous_1)
FN:31,(anonymous_2)
FN:38,(anonymous_3)
FN:38,(anonymous_4)
FN:39,(anonymous_5)
FN:39,(anonymous_6)
FN:40,(anonymous_7)
FN:40,(anonymous_8)
FN:41,(anonymous_9)
FN:47,(anonymous_10)
FN:52,(anonymous_11)
FN:75,(anonymous_12)
FNF:13
FNH:12
FNDA:11,ImagePreview
FNDA:8,(anonymous_1)
FNDA:7,(anonymous_2)
FNDA:1,(anonymous_3)
FNDA:1,(anonymous_4)
FNDA:1,(anonymous_5)
FNDA:1,(anonymous_6)
FNDA:1,(anonymous_7)
FNDA:1,(anonymous_8)
FNDA:1,(anonymous_9)
FNDA:0,(anonymous_10)
FNDA:1,(anonymous_11)
FNDA:5,(anonymous_12)
DA:1,1
DA:2,1
DA:3,1
DA:18,1
DA:24,11
DA:25,11
DA:26,11
DA:28,11
DA:29,8
DA:30,7
DA:31,7
DA:32,7
DA:35,1
DA:38,11
DA:39,11
DA:40,11
DA:41,11
DA:42,1
DA:43,1
DA:44,1
DA:45,1
DA:47,11
DA:48,0
DA:49,0
DA:50,0
DA:52,11
DA:53,1
DA:56,11
DA:75,5
LF:29
LH:26
BRDA:29,0,0,7
BRDA:44,1,0,1
BRDA:44,1,1,0
BRDA:49,2,0,0
BRDA:49,2,1,0
BRDA:53,3,0,1
BRDA:58,4,0,11
BRDA:58,4,1,10
BRDA:123,5,0,10
BRDA:123,5,1,0
BRF:10
BRH:6
end_of_record
TN:
SF:src/components/InfiniteScroll/index.tsx
FN:16,InfiniteScroll
FN:28,(anonymous_2)
FN:32,(anonymous_3)
FN:37,(anonymous_4)
FN:51,(anonymous_5)
FNF:5
FNH:5
FNDA:4,InfiniteScroll
FNDA:4,(anonymous_2)
FNDA:1,(anonymous_3)
FNDA:1,(anonymous_4)
FNDA:4,(anonymous_5)
DA:1,1
DA:2,1
DA:3,1
DA:4,1
DA:5,1
DA:6,1
DA:16,1
DA:23,4
DA:24,4
DA:25,4
DA:26,4
DA:28,4
DA:29,4
DA:31,4
DA:33,1
DA:35,1
DA:36,1
DA:37,1
DA:47,4
DA:48,4
DA:51,4
DA:52,4
DA:53,4
DA:58,4
LF:24
LH:24
BRDA:21,0,0,4
BRDA:35,1,0,1
BRDA:35,2,0,1
BRDA:35,2,1,1
BRDA:35,2,2,1
BRDA:47,3,0,4
BRDA:52,4,0,4
BRDA:63,5,0,1
BRDA:63,5,1,3
BRDA:63,6,0,4
BRDA:63,6,1,2
BRDA:65,7,0,3
BRDA:65,7,1,1
BRDA:73,8,0,4
BRDA:73,8,1,2
BRDA:73,8,2,1
BRF:16
BRH:16
end_of_record
TN:
SF:src/components/Loading/index.tsx
FN:9,(anonymous_1)
FNF:1
FNH:1
FNDA:5,(anonymous_1)
DA:1,2
DA:2,2
DA:9,2
DA:10,5
DA:12,5
DA:26,2
LF:6
LH:6
BRDA:9,0,0,3
BRDA:10,1,0,1
BRDA:10,1,1,4
BRDA:10,2,0,1
BRDA:10,2,1,3
BRDA:17,3,0,1
BRDA:17,3,1,4
BRDA:17,4,0,1
BRDA:17,4,1,3
BRDA:21,5,0,5
BRDA:21,5,1,4
BRF:11
BRH:11
end_of_record
TN:
SF:src/components/Modal/index.tsx
FN:10,Modal
FN:28,(anonymous_1)
FNF:2
FNH:2
FNDA:4,Modal
FNDA:2,(anonymous_1)
DA:1,1
DA:10,1
DA:11,4
DA:28,2
LF:4
LH:4
BRDA:13,0,0,4
BRDA:13,0,1,3
BRF:2
BRH:2
end_of_record
TN:
SF:src/components/Spinner/index.tsx
FN:11,(anonymous_0)
FNF:1
FNH:1
FNDA:5,(anonymous_0)
DA:11,3
DA:18,5
DA:47,3
LF:3
LH:3
BRDA:12,0,0,2
BRDA:13,1,0,2
BRDA:14,2,0,3
BRDA:15,3,0,4
BRF:4
BRH:4
end_of_record
TN:
SF:src/components/Toast/index.tsx
FN:53,ToastList
FN:68,(anonymous_1)
FN:81,(anonymous_2)
FNF:3
FNH:3
FNDA:6,ToastList
FNDA:6,(anonymous_1)
FNDA:1,(anonymous_2)
DA:1,1
DA:2,1
DA:3,1
DA:28,1
DA:30,1
DA:38,1
DA:39,1
DA:46,1
DA:53,1
DA:62,6
DA:69,6
DA:81,1
LF:12
LH:12
BRDA:55,0,0,5
BRF:1
BRH:1
end_of_record
TN:
SF:src/components/Tooltip/index.tsx
FN:13,Tooltip
FN:56,(anonymous_1)
FN:57,(anonymous_2)
FN:58,(anonymous_3)
FN:59,(anonymous_4)
FNF:5
FNH:5
FNDA:35,Tooltip
FNDA:7,(anonymous_1)
FNDA:2,(anonymous_2)
FNDA:3,(anonymous_3)
FNDA:1,(anonymous_4)
DA:1,2
DA:2,2
DA:13,2
DA:19,35
DA:20,35
DA:23,35
DA:24,35
DA:26,35
DA:28,7
DA:29,7
DA:31,2
DA:32,2
DA:34,26
DA:35,26
DA:37,0
DA:38,0
DA:41,35
DA:53,35
DA:56,7
DA:57,2
DA:58,3
DA:59,1
LF:22
LH:20
BRDA:16,0,0,7
BRDA:20,1,0,7
BRDA:20,1,1,28
BRDA:26,2,0,7
BRDA:26,2,1,2
BRDA:26,2,2,26
BRDA:26,2,3,0
BRDA:44,3,0,7
BRDA:44,3,1,28
BRDA:44,4,0,2
BRDA:44,4,1,26
BRDA:49,5,0,7
BRDA:49,5,1,28
BRDA:49,6,0,2
BRDA:49,6,1,26
BRDA:63,7,0,35
BRDA:63,7,1,9
BRF:17
BRH:16
end_of_record
TN:
SF:src/services/api.ts
FNF:0
FNH:0
DA:1,1
DA:3,1
DA:5,1
DA:9,1
LF:4
LH:4
BRF:0
BRH:0
end_of_record
TN:
SF:src/services/products/apiProducts.ts
FN:10,fetchProducts
FNF:1
FNH:1
FNDA:7,fetchProducts
DA:1,1
DA:10,1
DA:11,7
DA:12,7
DA:14,7
DA:16,6
DA:18,1
DA:19,1
LF:8
LH:8
BRF:0
BRH:0
end_of_record
